{
  "stats": {
    "suites": 7,
    "tests": 6,
    "passes": 6,
    "pending": 0,
    "failures": 0,
    "start": "2019-08-22T02:48:23.074Z",
    "end": "2019-08-22T02:48:23.093Z",
    "duration": 19,
    "testsRegistered": 6,
    "passPercent": 100,
    "pendingPercent": 0,
    "other": 0,
    "hasOther": false,
    "skipped": 0,
    "hasSkipped": false,
    "passPercentClass": "success",
    "pendingPercentClass": "danger"
  },
  "suites": {
    "uuid": "cea5df67-51fa-43b8-96a6-fa8ebedab92b",
    "title": "",
    "fullFile": "",
    "file": "",
    "beforeHooks": [],
    "afterHooks": [],
    "tests": [],
    "suites": [
      {
        "uuid": "bdc6b445-1701-479d-8185-bb54bbc8b84f",
        "title": "参数初始化",
        "fullFile": "/home/travis/build/GuiGu0101/webpack-qcloud-cos-plugin/test/index.js",
        "file": "/test/index.js",
        "beforeHooks": [],
        "afterHooks": [],
        "tests": [],
        "suites": [
          {
            "uuid": "af5ab37b-8fb4-40a2-a775-22c97f6a4617",
            "title": "#calc-config",
            "fullFile": "/home/travis/build/GuiGu0101/webpack-qcloud-cos-plugin/test/index.js",
            "file": "/test/index.js",
            "beforeHooks": [],
            "afterHooks": [],
            "tests": [
              {
                "title": "用户参数、默认参数合并: 用户设置所有选项 - 不使用环境变量",
                "fullTitle": "参数初始化 #calc-config 用户参数、默认参数合并: 用户设置所有选项 - 不使用环境变量",
                "timedOut": false,
                "duration": 5,
                "state": "passed",
                "speed": "fast",
                "pass": true,
                "fail": false,
                "pending": false,
                "code": "clearEnv();\nvar plugin = new WebpackQcloudCOSPlugin(config);\nassert.deepStrictEqual(plugin.config, config, message);",
                "err": {},
                "isRoot": false,
                "uuid": "05a5c0fa-f0f8-4c56-a574-6c2504fe2cf3",
                "isHook": false,
                "skipped": false
              }
            ],
            "suites": [],
            "passes": [
              "05a5c0fa-f0f8-4c56-a574-6c2504fe2cf3"
            ],
            "failures": [],
            "pending": [],
            "skipped": [],
            "duration": 5,
            "root": false,
            "rootEmpty": false,
            "_timeout": 2000
          },
          {
            "uuid": "a7bb9abd-8469-43c7-b58a-9bf8b22d2be5",
            "title": "#calc-config",
            "fullFile": "/home/travis/build/GuiGu0101/webpack-qcloud-cos-plugin/test/index.js",
            "file": "/test/index.js",
            "beforeHooks": [],
            "afterHooks": [],
            "tests": [
              {
                "title": "用户参数、环境变量、默认参数合并: bucket.Region 使用环境变量",
                "fullTitle": "参数初始化 #calc-config 用户参数、环境变量、默认参数合并: bucket.Region 使用环境变量",
                "timedOut": false,
                "duration": 1,
                "state": "passed",
                "speed": "fast",
                "pass": true,
                "fail": false,
                "pending": false,
                "code": "clearEnv();\nvar cfg = _.cloneDeep(config);\ndelete cfg.bucket.Region;\nprocess.env.WEBPACK_QCCOS_PLUGIN_REGION = \"004\";\nvar plugin = new WebpackQcloudCOSPlugin(cfg);\ncfg.bucket.Region = \"004\";\nassert.deepStrictEqual(plugin.config, cfg, message);",
                "err": {},
                "isRoot": false,
                "uuid": "7777e254-5e79-4c72-96c2-2e6d0f4f67b9",
                "isHook": false,
                "skipped": false
              }
            ],
            "suites": [],
            "passes": [
              "7777e254-5e79-4c72-96c2-2e6d0f4f67b9"
            ],
            "failures": [],
            "pending": [],
            "skipped": [],
            "duration": 1,
            "root": false,
            "rootEmpty": false,
            "_timeout": 2000
          },
          {
            "uuid": "a2361b19-fb59-4603-8e3a-66081220e254",
            "title": "#calc-config",
            "fullFile": "/home/travis/build/GuiGu0101/webpack-qcloud-cos-plugin/test/index.js",
            "file": "/test/index.js",
            "beforeHooks": [],
            "afterHooks": [],
            "tests": [
              {
                "title": "环境变量、默认参数合并: bucket.Region 使用环境变量",
                "fullTitle": "参数初始化 #calc-config 环境变量、默认参数合并: bucket.Region 使用环境变量",
                "timedOut": false,
                "duration": 2,
                "state": "passed",
                "speed": "fast",
                "pass": true,
                "fail": false,
                "pending": false,
                "code": "clearEnv();\nprocess.env.WEBPACK_QCCOS_PLUGIN_SECRET_ID = \"001\";\nprocess.env.WEBPACK_QCCOS_PLUGIN_SECRET_KEY = \"002\";\nprocess.env.WEBPACK_QCCOS_PLUGIN_BUCKET = \"003\";\nprocess.env.WEBPACK_QCCOS_PLUGIN_REGION = \"004\";\nprocess.env.WEBPACK_QCCOS_PLUGIN_ENABLE_LOG = false;\nprocess.env.WEBPACK_QCCOS_PLUGIN_IGNORE_ERROR = true;\nprocess.env.WEBPACK_QCCOS_PLUGIN_REMOVE_MODE = false;\nprocess.env.WEBPACK_QCCOS_PLUGIN_USE_VERSION = false;\nprocess.env.WEBPACK_QCCOS_PLUGIN_PREFIX = \"aa\";\nprocess.env.WEBPACK_QCCOS_PLUGIN_EXCLUDE = /aa.*/;\nvar plugin = new WebpackQcloudCOSPlugin({\n  options: \"a\",\n  exclude: /aa.*/,\n  cosBaseDir: \"auto_upload_ci\",\n  project: \"\"\n});\nassert.deepStrictEqual(plugin.config, config, message);",
                "err": {},
                "isRoot": false,
                "uuid": "15f4c34b-7fec-4dca-b439-b80dc15bc335",
                "isHook": false,
                "skipped": false
              }
            ],
            "suites": [],
            "passes": [
              "15f4c34b-7fec-4dca-b439-b80dc15bc335"
            ],
            "failures": [],
            "pending": [],
            "skipped": [],
            "duration": 2,
            "root": false,
            "rootEmpty": false,
            "_timeout": 2000
          },
          {
            "uuid": "587515b0-5017-4b97-b0f2-db776ddb4e71",
            "title": "#npmProjectName",
            "fullFile": "/home/travis/build/GuiGu0101/webpack-qcloud-cos-plugin/test/index.js",
            "file": "/test/index.js",
            "beforeHooks": [],
            "afterHooks": [],
            "tests": [
              {
                "title": "提取 npm 包名",
                "fullTitle": "参数初始化 #npmProjectName 提取 npm 包名",
                "timedOut": false,
                "duration": 1,
                "state": "passed",
                "speed": "fast",
                "pass": true,
                "fail": false,
                "pending": false,
                "code": "clearEnv();\nprocess.env.WEBPACK_QCCOS_PLUGIN_SECRET_ID = \"001\";\nprocess.env.WEBPACK_QCCOS_PLUGIN_SECRET_KEY = \"002\";\nprocess.env.WEBPACK_QCCOS_PLUGIN_BUCKET = \"003\";\nprocess.env.WEBPACK_QCCOS_PLUGIN_REGION = \"004\";\nvar plugin = new WebpackQcloudCOSPlugin({});\nassert.strictEqual(plugin.npmProjectName(), \"webpack-cos-plugin\", message);",
                "err": {},
                "isRoot": false,
                "uuid": "2adcc753-e1e2-489d-bea8-435f11bb1bc1",
                "isHook": false,
                "skipped": false
              }
            ],
            "suites": [],
            "passes": [
              "2adcc753-e1e2-489d-bea8-435f11bb1bc1"
            ],
            "failures": [],
            "pending": [],
            "skipped": [],
            "duration": 1,
            "root": false,
            "rootEmpty": false,
            "_timeout": 2000
          },
          {
            "uuid": "66cc5008-20cb-4a43-9339-f2141f73d248",
            "title": "#calc-config",
            "fullFile": "/home/travis/build/GuiGu0101/webpack-qcloud-cos-plugin/test/index.js",
            "file": "/test/index.js",
            "beforeHooks": [],
            "afterHooks": [],
            "tests": [
              {
                "title": "环境变量、默认参数合并: 初始化时不传参, eg: new WebpackQcloudCOSPlugin()",
                "fullTitle": "参数初始化 #calc-config 环境变量、默认参数合并: 初始化时不传参, eg: new WebpackQcloudCOSPlugin()",
                "timedOut": false,
                "duration": 1,
                "state": "passed",
                "speed": "fast",
                "pass": true,
                "fail": false,
                "pending": false,
                "code": "clearEnv();\nprocess.env.WEBPACK_QCCOS_PLUGIN_SECRET_ID = \"001\";\nprocess.env.WEBPACK_QCCOS_PLUGIN_SECRET_KEY = \"002\";\nprocess.env.WEBPACK_QCCOS_PLUGIN_BUCKET = \"003\";\nprocess.env.WEBPACK_QCCOS_PLUGIN_REGION = \"004\";\nprocess.env.WEBPACK_QCCOS_PLUGIN_COS_BASE_DIR = \"default_dir\";\nvar plugin = new WebpackQcloudCOSPlugin();\nvar cfg = {\n  auth: {\n    SecretId: \"001\",\n    SecretKey: \"002\"\n  },\n  bucket: {\n    Bucket: \"003\",\n    Region: \"004\"\n  },\n  retry: 3,\n  existCheck: true,\n  cosBaseDir: \"default_dir\",\n  project: \"webpack-cos-plugin\",\n  version: \"\",\n  exclude: /.*\\.html$/,\n  enableLog: false,\n  ignoreError: false,\n  removeMode: true,\n  useVersion: false,\n  gzip: true,\n  options: undefined\n};\nassert.deepStrictEqual(plugin.config, cfg, message);\nassert.strictEqual(plugin.finalPrefix, \"default_dir/webpack-cos-plugin\", \"-\");",
                "err": {},
                "isRoot": false,
                "uuid": "a354748f-ca8f-46d9-87b3-60b6d6d33063",
                "isHook": false,
                "skipped": false
              }
            ],
            "suites": [],
            "passes": [
              "a354748f-ca8f-46d9-87b3-60b6d6d33063"
            ],
            "failures": [],
            "pending": [],
            "skipped": [],
            "duration": 1,
            "root": false,
            "rootEmpty": false,
            "_timeout": 2000
          },
          {
            "uuid": "254f396e-1ca0-4e93-a2e2-739f73cfab7b",
            "title": "#finalPrefix 计算",
            "fullFile": "/home/travis/build/GuiGu0101/webpack-qcloud-cos-plugin/test/index.js",
            "file": "/test/index.js",
            "beforeHooks": [],
            "afterHooks": [],
            "tests": [
              {
                "title": "环境变量、默认参数合并: 初始化时不传参, eg: new WebpackQcloudCOSPlugin()",
                "fullTitle": "参数初始化 #finalPrefix 计算 环境变量、默认参数合并: 初始化时不传参, eg: new WebpackQcloudCOSPlugin()",
                "timedOut": false,
                "duration": 0,
                "state": "passed",
                "speed": "fast",
                "pass": true,
                "fail": false,
                "pending": false,
                "code": "clearEnv();\nprocess.env.WEBPACK_QCCOS_PLUGIN_SECRET_ID = \"001\";\nprocess.env.WEBPACK_QCCOS_PLUGIN_SECRET_KEY = \"002\";\nprocess.env.WEBPACK_QCCOS_PLUGIN_BUCKET = \"003\";\nprocess.env.WEBPACK_QCCOS_PLUGIN_REGION = \"004\";\nprocess.env.WEBPACK_QCCOS_PLUGIN_COS_BASE_DIR = \"default_dir\";\nvar plugin = new WebpackQcloudCOSPlugin();\nassert.strictEqual(plugin.finalPrefix, \"default_dir/webpack-cos-plugin\", \"-\");",
                "err": {},
                "isRoot": false,
                "uuid": "4ff0c8f1-2a88-4813-b0ac-7178369850d9",
                "isHook": false,
                "skipped": false
              }
            ],
            "suites": [],
            "passes": [
              "4ff0c8f1-2a88-4813-b0ac-7178369850d9"
            ],
            "failures": [],
            "pending": [],
            "skipped": [],
            "duration": 0,
            "root": false,
            "rootEmpty": false,
            "_timeout": 2000
          }
        ],
        "passes": [],
        "failures": [],
        "pending": [],
        "skipped": [],
        "duration": 0,
        "root": false,
        "rootEmpty": false,
        "_timeout": 2000
      }
    ],
    "passes": [],
    "failures": [],
    "pending": [],
    "skipped": [],
    "duration": 0,
    "root": true,
    "rootEmpty": true,
    "_timeout": 2000
  },
  "copyrightYear": 2019
}