{
  "stats": {
    "suites": 7,
    "tests": 6,
    "passes": 6,
    "pending": 0,
    "failures": 0,
    "start": "2019-08-22T02:56:52.191Z",
    "end": "2019-08-22T02:56:52.211Z",
    "duration": 20,
    "testsRegistered": 6,
    "passPercent": 100,
    "pendingPercent": 0,
    "other": 0,
    "hasOther": false,
    "skipped": 0,
    "hasSkipped": false,
    "passPercentClass": "success",
    "pendingPercentClass": "danger"
  },
  "suites": {
    "uuid": "ad2dc34f-050c-4202-92f7-26e688c383b8",
    "title": "",
    "fullFile": "",
    "file": "",
    "beforeHooks": [],
    "afterHooks": [],
    "tests": [],
    "suites": [
      {
        "uuid": "847bc2cb-177c-4ba7-88b4-0f9a3c97b15a",
        "title": "参数初始化",
        "fullFile": "/home/travis/build/GuiGu0101/webpack-qcloud-cos-plugin/test/index.js",
        "file": "/test/index.js",
        "beforeHooks": [],
        "afterHooks": [],
        "tests": [],
        "suites": [
          {
            "uuid": "dad762eb-e95c-48df-ab6d-957a547bd286",
            "title": "#calc-config",
            "fullFile": "/home/travis/build/GuiGu0101/webpack-qcloud-cos-plugin/test/index.js",
            "file": "/test/index.js",
            "beforeHooks": [],
            "afterHooks": [],
            "tests": [
              {
                "title": "用户参数、默认参数合并: 用户设置所有选项 - 不使用环境变量",
                "fullTitle": "参数初始化 #calc-config 用户参数、默认参数合并: 用户设置所有选项 - 不使用环境变量",
                "timedOut": false,
                "duration": 5,
                "state": "passed",
                "speed": "fast",
                "pass": true,
                "fail": false,
                "pending": false,
                "code": "clearEnv();\nvar plugin = new WebpackQcloudCOSPlugin(config);\nassert.deepStrictEqual(plugin.config, config, message);",
                "err": {},
                "isRoot": false,
                "uuid": "49282f68-5589-4f17-9ac9-976ffaadbf24",
                "isHook": false,
                "skipped": false
              }
            ],
            "suites": [],
            "passes": [
              "49282f68-5589-4f17-9ac9-976ffaadbf24"
            ],
            "failures": [],
            "pending": [],
            "skipped": [],
            "duration": 5,
            "root": false,
            "rootEmpty": false,
            "_timeout": 2000
          },
          {
            "uuid": "464ad4c0-f3b0-4453-a1bc-17b5a546efd1",
            "title": "#calc-config",
            "fullFile": "/home/travis/build/GuiGu0101/webpack-qcloud-cos-plugin/test/index.js",
            "file": "/test/index.js",
            "beforeHooks": [],
            "afterHooks": [],
            "tests": [
              {
                "title": "用户参数、环境变量、默认参数合并: bucket.Region 使用环境变量",
                "fullTitle": "参数初始化 #calc-config 用户参数、环境变量、默认参数合并: bucket.Region 使用环境变量",
                "timedOut": false,
                "duration": 1,
                "state": "passed",
                "speed": "fast",
                "pass": true,
                "fail": false,
                "pending": false,
                "code": "clearEnv();\nvar cfg = _.cloneDeep(config);\ndelete cfg.bucket.Region;\nprocess.env.WEBPACK_QCCOS_PLUGIN_REGION = \"004\";\nvar plugin = new WebpackQcloudCOSPlugin(cfg);\ncfg.bucket.Region = \"004\";\nassert.deepStrictEqual(plugin.config, cfg, message);",
                "err": {},
                "isRoot": false,
                "uuid": "be9e599b-1f23-4a87-bdb5-2f7187eec6bb",
                "isHook": false,
                "skipped": false
              }
            ],
            "suites": [],
            "passes": [
              "be9e599b-1f23-4a87-bdb5-2f7187eec6bb"
            ],
            "failures": [],
            "pending": [],
            "skipped": [],
            "duration": 1,
            "root": false,
            "rootEmpty": false,
            "_timeout": 2000
          },
          {
            "uuid": "2e867682-dc5f-47fd-9741-5403abb8a956",
            "title": "#calc-config",
            "fullFile": "/home/travis/build/GuiGu0101/webpack-qcloud-cos-plugin/test/index.js",
            "file": "/test/index.js",
            "beforeHooks": [],
            "afterHooks": [],
            "tests": [
              {
                "title": "环境变量、默认参数合并: bucket.Region 使用环境变量",
                "fullTitle": "参数初始化 #calc-config 环境变量、默认参数合并: bucket.Region 使用环境变量",
                "timedOut": false,
                "duration": 1,
                "state": "passed",
                "speed": "fast",
                "pass": true,
                "fail": false,
                "pending": false,
                "code": "clearEnv();\nprocess.env.WEBPACK_QCCOS_PLUGIN_SECRET_ID = \"001\";\nprocess.env.WEBPACK_QCCOS_PLUGIN_SECRET_KEY = \"002\";\nprocess.env.WEBPACK_QCCOS_PLUGIN_BUCKET = \"003\";\nprocess.env.WEBPACK_QCCOS_PLUGIN_REGION = \"004\";\nprocess.env.WEBPACK_QCCOS_PLUGIN_ENABLE_LOG = false;\nprocess.env.WEBPACK_QCCOS_PLUGIN_IGNORE_ERROR = true;\nprocess.env.WEBPACK_QCCOS_PLUGIN_REMOVE_MODE = false;\nprocess.env.WEBPACK_QCCOS_PLUGIN_USE_VERSION = false;\nprocess.env.WEBPACK_QCCOS_PLUGIN_PREFIX = \"aa\";\nprocess.env.WEBPACK_QCCOS_PLUGIN_EXCLUDE = /aa.*/;\nvar plugin = new WebpackQcloudCOSPlugin({\n  options: \"a\",\n  exclude: /aa.*/,\n  cosBaseDir: \"auto_upload_ci\",\n  project: \"\"\n});\nassert.deepStrictEqual(plugin.config, config, message);",
                "err": {},
                "isRoot": false,
                "uuid": "f1a48402-2284-44aa-86b1-44a3bbc5158b",
                "isHook": false,
                "skipped": false
              }
            ],
            "suites": [],
            "passes": [
              "f1a48402-2284-44aa-86b1-44a3bbc5158b"
            ],
            "failures": [],
            "pending": [],
            "skipped": [],
            "duration": 1,
            "root": false,
            "rootEmpty": false,
            "_timeout": 2000
          },
          {
            "uuid": "2fecb302-ca7d-41cb-9efb-4fc95cf34130",
            "title": "#npmProjectName",
            "fullFile": "/home/travis/build/GuiGu0101/webpack-qcloud-cos-plugin/test/index.js",
            "file": "/test/index.js",
            "beforeHooks": [],
            "afterHooks": [],
            "tests": [
              {
                "title": "提取 npm 包名",
                "fullTitle": "参数初始化 #npmProjectName 提取 npm 包名",
                "timedOut": false,
                "duration": 1,
                "state": "passed",
                "speed": "fast",
                "pass": true,
                "fail": false,
                "pending": false,
                "code": "clearEnv();\nprocess.env.WEBPACK_QCCOS_PLUGIN_SECRET_ID = \"001\";\nprocess.env.WEBPACK_QCCOS_PLUGIN_SECRET_KEY = \"002\";\nprocess.env.WEBPACK_QCCOS_PLUGIN_BUCKET = \"003\";\nprocess.env.WEBPACK_QCCOS_PLUGIN_REGION = \"004\";\nvar plugin = new WebpackQcloudCOSPlugin({});\nassert.strictEqual(plugin.npmProjectName(), \"webpack-cos-plugin\", message);",
                "err": {},
                "isRoot": false,
                "uuid": "63419e62-00b6-4759-947e-eb53e789c139",
                "isHook": false,
                "skipped": false
              }
            ],
            "suites": [],
            "passes": [
              "63419e62-00b6-4759-947e-eb53e789c139"
            ],
            "failures": [],
            "pending": [],
            "skipped": [],
            "duration": 1,
            "root": false,
            "rootEmpty": false,
            "_timeout": 2000
          },
          {
            "uuid": "f597370c-4e5d-4d8e-99f6-91c17ceaa3d3",
            "title": "#calc-config",
            "fullFile": "/home/travis/build/GuiGu0101/webpack-qcloud-cos-plugin/test/index.js",
            "file": "/test/index.js",
            "beforeHooks": [],
            "afterHooks": [],
            "tests": [
              {
                "title": "环境变量、默认参数合并: 初始化时不传参, eg: new WebpackQcloudCOSPlugin()",
                "fullTitle": "参数初始化 #calc-config 环境变量、默认参数合并: 初始化时不传参, eg: new WebpackQcloudCOSPlugin()",
                "timedOut": false,
                "duration": 1,
                "state": "passed",
                "speed": "fast",
                "pass": true,
                "fail": false,
                "pending": false,
                "code": "clearEnv();\nprocess.env.WEBPACK_QCCOS_PLUGIN_SECRET_ID = \"001\";\nprocess.env.WEBPACK_QCCOS_PLUGIN_SECRET_KEY = \"002\";\nprocess.env.WEBPACK_QCCOS_PLUGIN_BUCKET = \"003\";\nprocess.env.WEBPACK_QCCOS_PLUGIN_REGION = \"004\";\nprocess.env.WEBPACK_QCCOS_PLUGIN_COS_BASE_DIR = \"default_dir\";\nvar plugin = new WebpackQcloudCOSPlugin();\nvar cfg = {\n  auth: {\n    SecretId: \"001\",\n    SecretKey: \"002\"\n  },\n  bucket: {\n    Bucket: \"003\",\n    Region: \"004\"\n  },\n  retry: 3,\n  existCheck: true,\n  cosBaseDir: \"default_dir\",\n  project: \"webpack-cos-plugin\",\n  version: \"\",\n  exclude: /.*\\.html$/,\n  enableLog: false,\n  ignoreError: false,\n  removeMode: true,\n  useVersion: false,\n  gzip: true,\n  options: undefined\n};\nassert.deepStrictEqual(plugin.config, cfg, message);\nassert.strictEqual(plugin.finalPrefix, \"default_dir/webpack-cos-plugin\", \"-\");",
                "err": {},
                "isRoot": false,
                "uuid": "12bd3b0e-76d2-4ed1-b174-a4e08e195927",
                "isHook": false,
                "skipped": false
              }
            ],
            "suites": [],
            "passes": [
              "12bd3b0e-76d2-4ed1-b174-a4e08e195927"
            ],
            "failures": [],
            "pending": [],
            "skipped": [],
            "duration": 1,
            "root": false,
            "rootEmpty": false,
            "_timeout": 2000
          },
          {
            "uuid": "a94abb39-1100-48cb-8808-ae3df2620aa1",
            "title": "#finalPrefix 计算",
            "fullFile": "/home/travis/build/GuiGu0101/webpack-qcloud-cos-plugin/test/index.js",
            "file": "/test/index.js",
            "beforeHooks": [],
            "afterHooks": [],
            "tests": [
              {
                "title": "环境变量、默认参数合并: 初始化时不传参, eg: new WebpackQcloudCOSPlugin()",
                "fullTitle": "参数初始化 #finalPrefix 计算 环境变量、默认参数合并: 初始化时不传参, eg: new WebpackQcloudCOSPlugin()",
                "timedOut": false,
                "duration": 0,
                "state": "passed",
                "speed": "fast",
                "pass": true,
                "fail": false,
                "pending": false,
                "code": "clearEnv();\nprocess.env.WEBPACK_QCCOS_PLUGIN_SECRET_ID = \"001\";\nprocess.env.WEBPACK_QCCOS_PLUGIN_SECRET_KEY = \"002\";\nprocess.env.WEBPACK_QCCOS_PLUGIN_BUCKET = \"003\";\nprocess.env.WEBPACK_QCCOS_PLUGIN_REGION = \"004\";\nprocess.env.WEBPACK_QCCOS_PLUGIN_COS_BASE_DIR = \"default_dir\";\nvar plugin = new WebpackQcloudCOSPlugin();\nassert.strictEqual(plugin.finalPrefix, \"default_dir/webpack-cos-plugin\", \"-\");",
                "err": {},
                "isRoot": false,
                "uuid": "88bbf1de-28ed-4e2c-ac1b-88009c618d72",
                "isHook": false,
                "skipped": false
              }
            ],
            "suites": [],
            "passes": [
              "88bbf1de-28ed-4e2c-ac1b-88009c618d72"
            ],
            "failures": [],
            "pending": [],
            "skipped": [],
            "duration": 0,
            "root": false,
            "rootEmpty": false,
            "_timeout": 2000
          }
        ],
        "passes": [],
        "failures": [],
        "pending": [],
        "skipped": [],
        "duration": 0,
        "root": false,
        "rootEmpty": false,
        "_timeout": 2000
      }
    ],
    "passes": [],
    "failures": [],
    "pending": [],
    "skipped": [],
    "duration": 0,
    "root": true,
    "rootEmpty": true,
    "_timeout": 2000
  },
  "copyrightYear": 2019
}